
   Real-Valued Data FFT Program v3.0
        by Scott M. Ransom
            3 Oct, 2000

Checking data in 1 input file(s):
   1:  '/home/asc/ylf/ASC/presto/TestData1/subbands/Sband_DM64.00.dat'

Data OK.  There are 531000 floats.

Result will be written to 1 output file(s):
   1:  '/home/asc/ylf/ASC/presto/TestData1/subbands/Sband_DM64.00.fft'

Performing in-core forward FFT on data:
   Reading.
   Transforming.
   Writing.
Finished.

Timing summary:
   Real-Valued Data FFT Program v3.0
        by Scott M. Ransom
            3 Oct, 2000

Checking data in 1 input file(s):
   1:  '/home/asc/ylf/ASC/presto/TestData1/subbands/Sband_DM70.00.dat'

Data OK.  There are 531000 floats.

Result will be written to 1 output file(s):
   1:  '/home/asc/ylf/ASC/presto/TestData1/subbands/Sband_DM70.00.fft'

Performing in-core forward FFT on data:
   Reading.
   Transforming.
   Writing.
Finished.

Timing summary:
   Real-Valued Data FFT Program v3.0
        by Scott M. Ransom
            3 Oct, 2000

Checking data in 1 input file(s):
   1:  '/home/asc/ylf/ASC/presto/TestData1/subbands/Sband_DM33.00.dat'

Data OK.  There are 531000 floats.

Result will be written to 1 output file(s):
   1:  '/home/asc/ylf/ASC/presto/TestData1/subbands/Sband_DM33.00.fft'

Performing in-core forward FFT on data:
   Reading.
   Transforming.
   Writing.
Finished.

Timing summary:
   Real-Valued Data FFT Program v3.0
        by Scott M. Ransom
            3 Oct, 2000

Checking data in 1 input file(s):
   1:  '/home/asc/ylf/ASC/presto/TestData1/subbands/Sband_DM57.50.dat'

Data OK.  There are 531000 floats.

Result will be written to 1 output file(s):
   1:  '/home/asc/ylf/ASC/presto/TestData1/subbands/Sband_DM57.50.fft'

Performing in-core forward FFT on data:
   Reading.
   Transforming.
   Writing.
Finished.

Timing summary:
   Real-Valued Data FFT Program v3.0
        by Scott M. Ransom
            3 Oct, 2000

Checking data in 1 input file(s):
   1:  '/home/asc/ylf/ASC/presto/TestData1/subbands/Sband_DM45.00.dat'

Data OK.  There are 531000 floats.

Result will be written to 1 output file(s):
   1:  '/home/asc/ylf/ASC/presto/TestData1/subbands/Sband_DM45.00.fft'

Performing in-core forward FFT on data:
   Reading.
   Transforming.
   Writing.
Finished.

Timing summary:
   Real-Valued Data FFT Program v3.0
        by Scott M. Ransom
            3 Oct, 2000

Checking data in 1 input file(s):
   1:  '/home/asc/ylf/ASC/presto/TestData1/subbands/Sband_DM82.50.dat'

Data OK.  There are 531000 floats.

Result will be written to 1 output file(s):
   1:  '/home/asc/ylf/ASC/presto/TestData1/subbands/Sband_DM82.50.fft'

Performing in-core forward FFT on data:
   Reading.
   Transforming.
   Writing.
Finished.

Timing summary:
   Real-Valued Data FFT Program v3.0
        by Scott M. Ransom
            3 Oct, 2000

Checking data in 1 input file(s):
   1:  '/home/asc/ylf/ASC/presto/TestData1/subbands/Sband_DM53.00.dat'

Data OK.  There are 531000 floats.

Result will be written to 1 output file(s):
   1:  '/home/asc/ylf/ASC/presto/TestData1/subbands/Sband_DM53.00.fft'

Performing in-core forward FFT on data:
   Reading.
   Transforming.
   Writing.
Finished.

Timing summary:
   Real-Valued Data FFT Program v3.0
        by Scott M. Ransom
            3 Oct, 2000

Checking data in 1 input file(s):
   1:  '/home/asc/ylf/ASC/presto/TestData1/subbands/Sband_DM6.50.dat'

Data OK.  There are 531000 floats.

Result will be written to 1 output file(s):
   1:  '/home/asc/ylf/ASC/presto/TestData1/subbands/Sband_DM6.50.fft'

Performing in-core forward FFT on data:
   Reading.
   Transforming.
   Writing.
Finished.

Timing summary:
   Real-Valued Data FFT Program v3.0
        by Scott M. Ransom
            3 Oct, 2000

Checking data in 1 input file(s):
   1:  '/home/asc/ylf/ASC/presto/TestData1/subbands/Sband_DM75.00.dat'

Data OK.  There are 531000 floats.

Result will be written to 1 output file(s):
   1:  '/home/asc/ylf/ASC/presto/TestData1/subbands/Sband_DM75.00.fft'

Performing in-core forward FFT on data:
   Reading.
   Transforming.
   Writing.
Finished.

Timing summary:
   Real-Valued Data FFT Program v3.0
        by Scott M. Ransom
            3 Oct, 2000

Checking data in 1 input file(s):
   1:  '/home/asc/ylf/ASC/presto/TestData1/subbands/Sband_DM58.50.dat'

Data OK.  There are 531000 floats.

Result will be written to 1 output file(s):
   1:  '/home/asc/ylf/ASC/presto/TestData1/subbands/Sband_DM58.50.fft'

Performing in-core forward FFT on data:
   Reading.
   Transforming.
   Writing.
Finished.

Timing summary:
   Real-Valued Data FFT Program v3.0
        by Scott M. Ransom
            3 Oct, 2000

Checking data in 1 input file(s):
   1:  '/home/asc/ylf/ASC/presto/TestData1/subbands/Sband_DM63.50.dat'

Data OK.  There are 531000 floats.

Result will be written to 1 output file(s):
   1:  '/home/asc/ylf/ASC/presto/TestData1/subbands/Sband_DM63.50.fft'

Performing in-core forward FFT on data:
   Reading.
   Transforming.
   Writing.
Finished.

Timing summary:
   Real-Valued Data FFT Program v3.0
        by Scott M. Ransom
            3 Oct, 2000

Checking data in 1 input file(s):
   1:  '/home/asc/ylf/ASC/presto/TestData1/subbands/Sband_DM66.50.dat'

Data OK.  There are 531000 floats.

Result will be written to 1 output file(s):
   1:  '/home/asc/ylf/ASC/presto/TestData1/subbands/Sband_DM66.50.fft'

Performing in-core forward FFT on data:
   Reading.
   Transforming.
   Writing.
Finished.

Timing summary:
   Real-Valued Data FFT Program v3.0
        by Scott M. Ransom
            3 Oct, 2000

Checking data in 1 input file(s):
   1:  '/home/asc/ylf/ASC/presto/TestData1/subbands/Sband_DM49.50.dat'

Data OK.  There are 531000 floats.

Result will be written to 1 output file(s):
   1:  '/home/asc/ylf/ASC/presto/TestData1/subbands/Sband_DM49.50.fft'

Performing in-core forward FFT on data:
   Reading.
   Transforming.
   Writing.
Finished.

Timing summary:
   Real-Valued Data FFT Program v3.0
        by Scott M. Ransom
            3 Oct, 2000

Checking data in 1 input file(s):
   1:  '/home/asc/ylf/ASC/presto/TestData1/subbands/Sband_DM74.00.dat'

Data OK.  There are 531000 floats.

Result will be written to 1 output file(s):
   1:  '/home/asc/ylf/ASC/presto/TestData1/subbands/Sband_DM74.00.fft'

Performing in-core forward FFT on data:
   Reading.
   Transforming.
   Writing.
Finished.

Timing summary:
   Real-Valued Data FFT Program v3.0
        by Scott M. Ransom
            3 Oct, 2000

Checking data in 1 input file(s):
   1:  '/home/asc/ylf/ASC/presto/TestData1/subbands/Sband_DM8.50.dat'

Data OK.  There are 531000 floats.

Result will be written to 1 output file(s):
   1:  '/home/asc/ylf/ASC/presto/TestData1/subbands/Sband_DM8.50.fft'

Performing in-core forward FFT on data:
   Reading.
   Transforming.
   Writing.
Finished.

Timing summary:
   Real-Valued Data FFT Program v3.0
        by Scott M. Ransom
            3 Oct, 2000

Checking data in 1 input file(s):
   1:  '/home/asc/ylf/ASC/presto/TestData1/subbands/Sband_DM16.00.dat'

Data OK.  There are 531000 floats.

Result will be written to 1 output file(s):
   1:  '/home/asc/ylf/ASC/presto/TestData1/subbands/Sband_DM16.00.fft'

Performing in-core forward FFT on data:
   Reading.
   Transforming.
   Writing.
Finished.

Timing summary:
   Real-Valued Data FFT Program v3.0
        by Scott M. Ransom
            3 Oct, 2000

Checking data in 1 input file(s):
   1:  '/home/asc/ylf/ASC/presto/TestData1/subbands/Sband_DM34.00.dat'

Data OK.  There are 531000 floats.

Result will be written to 1 output file(s):
   1:  '/home/asc/ylf/ASC/presto/TestData1/subbands/Sband_DM34.00.fft'

Performing in-core forward FFT on data:
   Reading.
   Transforming.
   Writing.
Finished.

Timing summary:
   Real-Valued Data FFT Program v3.0
        by Scott M. Ransom
            3 Oct, 2000

Checking data in 1 input file(s):
   1:  '/home/asc/ylf/ASC/presto/TestData1/subbands/Sband_DM71.00.dat'

Data OK.  There are 531000 floats.

Result will be written to 1 output file(s):
   1:  '/home/asc/ylf/ASC/presto/TestData1/subbands/Sband_DM71.00.fft'

Performing in-core forward FFT on data:
   Reading.
   Transforming.
   Writing.
Finished.

Timing summary:
   Real-Valued Data FFT Program v3.0
        by Scott M. Ransom
            3 Oct, 2000

Checking data in 1 input file(s):
   1:  '/home/asc/ylf/ASC/presto/TestData1/subbands/Sband_DM54.00.dat'

Data OK.  There are 531000 floats.

Result will be written to 1 output file(s):
   1:  '/home/asc/ylf/ASC/presto/TestData1/subbands/Sband_DM54.00.fft'

Performing in-core forward FFT on data:
   Reading.
   Transforming.
   Writing.
Finished.

Timing summary:
   Real-Valued Data FFT Program v3.0
        by Scott M. Ransom
            3 Oct, 2000

Checking data in 1 input file(s):
   1:  '/home/asc/ylf/ASC/presto/TestData1/subbands/Sband_DM32.00.dat'

Data OK.  There are 531000 floats.

Result will be written to 1 output file(s):
   1:  '/home/asc/ylf/ASC/presto/TestData1/subbands/Sband_DM32.00.fft'

Performing in-core forward FFT on data:
   Reading.
   Transforming.
   Writing.
Finished.

Timing summary:
   Real-Valued Data FFT Program v3.0
        by Scott M. Ransom
            3 Oct, 2000

Checking data in 1 input file(s):
   1:  '/home/asc/ylf/ASC/presto/TestData1/subbands/Sband_DM44.50.dat'

Data OK.  There are 531000 floats.

Result will be written to 1 output file(s):
   1:  '/home/asc/ylf/ASC/presto/TestData1/subbands/Sband_DM44.50.fft'

Performing in-core forward FFT on data:
   Reading.
   Transforming.
   Writing.
Finished.

Timing summary:
   Real-Valued Data FFT Program v3.0
        by Scott M. Ransom
            3 Oct, 2000

Checking data in 1 input file(s):
   1:  '/home/asc/ylf/ASC/presto/TestData1/subbands/Sband_DM23.50.dat'

Data OK.  There are 531000 floats.

Result will be written to 1 output file(s):
   1:  '/home/asc/ylf/ASC/presto/TestData1/subbands/Sband_DM23.50.fft'

Performing in-core forward FFT on data:
   Reading.
   Transforming.
   Writing.
Finished.

Timing summary:
   Real-Valued Data FFT Program v3.0
        by Scott M. Ransom
            3 Oct, 2000

Checking data in 1 input file(s):
   1:  '/home/asc/ylf/ASC/presto/TestData1/subbands/Sband_DM27.00.dat'

Data OK.  There are 531000 floats.

Result will be written to 1 output file(s):
   1:  '/home/asc/ylf/ASC/presto/TestData1/subbands/Sband_DM27.00.fft'

Performing in-core forward FFT on data:
   Reading.
   Transforming.
   Writing.
Finished.

Timing summary:
   Real-Valued Data FFT Program v3.0
        by Scott M. Ransom
            3 Oct, 2000

Checking data in 1 input file(s):
   1:  '/home/asc/ylf/ASC/presto/TestData1/subbands/Sband_DM57.00.dat'

Data OK.  There are 531000 floats.

Result will be written to 1 output file(s):
   1:  '/home/asc/ylf/ASC/presto/TestData1/subbands/Sband_DM57.00.fft'

Performing in-core forward FFT on data:
   Reading.
   Transforming.
   Writing.
Finished.

Timing summary:
   Real-Valued Data FFT Program v3.0
        by Scott M. Ransom
            3 Oct, 2000

Checking data in 1 input file(s):
   1:  '/home/asc/ylf/ASC/presto/TestData1/subbands/Sband_DM29.50.dat'

Data OK.  There are 531000 floats.

Result will be written to 1 output file(s):
   1:  '/home/asc/ylf/ASC/presto/TestData1/subbands/Sband_DM29.50.fft'

Performing in-core forward FFT on data:
   Reading.
   Transforming.
   Writing.
Finished.

Timing summary:
   Real-Valued Data FFT Program v3.0
        by Scott M. Ransom
            3 Oct, 2000

Checking data in 1 input file(s):
   1:  '/home/asc/ylf/ASC/presto/TestData1/subbands/Sband_DM30.50.dat'

Data OK.  There are 531000 floats.

Result will be written to 1 output file(s):
   1:  '/home/asc/ylf/ASC/presto/TestData1/subbands/Sband_DM30.50.fft'

Performing in-core forward FFT on data:
   Reading.
   Transforming.
   Writing.
Finished.

Timing summary:
   Real-Valued Data FFT Program v3.0
        by Scott M. Ransom
            3 Oct, 2000

Checking data in 1 input file(s):
   1:  '/home/asc/ylf/ASC/presto/TestData1/subbands/Sband_DM44.00.dat'

Data OK.  There are 531000 floats.

Result will be written to 1 output file(s):
   1:  '/home/asc/ylf/ASC/presto/TestData1/subbands/Sband_DM44.00.fft'

Performing in-core forward FFT on data:
   Reading.
   Transforming.
   Writing.
Finished.

Timing summary:
   Real-Valued Data FFT Program v3.0
        by Scott M. Ransom
            3 Oct, 2000

Checking data in 1 input file(s):
   1:  '/home/asc/ylf/ASC/presto/TestData1/subbands/Sband_DM59.50.dat'

Data OK.  There are 531000 floats.

Result will be written to 1 output file(s):
   1:  '/home/asc/ylf/ASC/presto/TestData1/subbands/Sband_DM59.50.fft'

Performing in-core forward FFT on data:
   Reading.
   Transforming.
   Writing.
Finished.

Timing summary:
   Real-Valued Data FFT Program v3.0
        by Scott M. Ransom
            3 Oct, 2000

Checking data in 1 input file(s):
   1:  '/home/asc/ylf/ASC/presto/TestData1/subbands/Sband_DM23.00.dat'

Data OK.  There are 531000 floats.

Result will be written to 1 output file(s):
   1:  '/home/asc/ylf/ASC/presto/TestData1/subbands/Sband_DM23.00.fft'

Performing in-core forward FFT on data:
   Reading.
   Transforming.
   Writing.
Finished.

Timing summary:
   Real-Valued Data FFT Program v3.0
        by Scott M. Ransom
            3 Oct, 2000

Checking data in 1 input file(s):
   1:  '/home/asc/ylf/ASC/presto/TestData1/subbands/Sband_DM42.50.dat'

Data OK.  There are 531000 floats.

Result will be written to 1 output file(s):
   1:  '/home/asc/ylf/ASC/presto/TestData1/subbands/Sband_DM42.50.fft'

Performing in-core forward FFT on data:
   Reading.
   Transforming.
   Writing.
Finished.

Timing summary:
   Real-Valued Data FFT Program v3.0
        by Scott M. Ransom
            3 Oct, 2000

Checking data in 1 input file(s):
   1:  '/home/asc/ylf/ASC/presto/TestData1/subbands/Sband_DM76.00.dat'

Data OK.  There are 531000 floats.

Result will be written to 1 output file(s):
   1:  '/home/asc/ylf/ASC/presto/TestData1/subbands/Sband_DM76.00.fft'

Performing in-core forward FFT on data:
   Reading.
   Transforming.
   Writing.
Finished.

Timing summary:
   Real-Valued Data FFT Program v3.0
        by Scott M. Ransom
            3 Oct, 2000

Checking data in 1 input file(s):
   1:  '/home/asc/ylf/ASC/presto/TestData1/subbands/Sband_DM79.50.dat'

Data OK.  There are 531000 floats.

Result will be written to 1 output file(s):
   1:  '/home/asc/ylf/ASC/presto/TestData1/subbands/Sband_DM79.50.fft'

Performing in-core forward FFT on data:
   Reading.
   Transforming.
   Writing.
Finished.

Timing summary:
   Real-Valued Data FFT Program v3.0
        by Scott M. Ransom
            3 Oct, 2000

Checking data in 1 input file(s):
   1:  '/home/asc/ylf/ASC/presto/TestData1/subbands/Sband_DM79.00.dat'

Data OK.  There are 531000 floats.

Result will be written to 1 output file(s):
   1:  '/home/asc/ylf/ASC/presto/TestData1/subbands/Sband_DM79.00.fft'

Performing in-core forward FFT on data:
   Reading.
   Transforming.
   Writing.
Finished.

Timing summary:
   Real-Valued Data FFT Program v3.0
        by Scott M. Ransom
            3 Oct, 2000

Checking data in 1 input file(s):
   1:  '/home/asc/ylf/ASC/presto/TestData1/subbands/Sband_DM9.00.dat'

Data OK.  There are 531000 floats.

Result will be written to 1 output file(s):
   1:  '/home/asc/ylf/ASC/presto/TestData1/subbands/Sband_DM9.00.fft'

Performing in-core forward FFT on data:
   Reading.
   Transforming.
   Writing.
Finished.

Timing summary:
   Real-Valued Data FFT Program v3.0
        by Scott M. Ransom
            3 Oct, 2000

Checking data in 1 input file(s):
   1:  '/home/asc/ylf/ASC/presto/TestData1/subbands/Sband_DM56.50.dat'

Data OK.  There are 531000 floats.

Result will be written to 1 output file(s):
   1:  '/home/asc/ylf/ASC/presto/TestData1/subbands/Sband_DM56.50.fft'

Performing in-core forward FFT on data:
   Reading.
   Transforming.
   Writing.
Finished.

Timing summary:
   Real-Valued Data FFT Program v3.0
        by Scott M. Ransom
            3 Oct, 2000

Checking data in 1 input file(s):
   1:  '/home/asc/ylf/ASC/presto/TestData1/subbands/Sband_DM68.00.dat'

Data OK.  There are 531000 floats.

Result will be written to 1 output file(s):
   1:  '/home/asc/ylf/ASC/presto/TestData1/subbands/Sband_DM68.00.fft'

Performing in-core forward FFT on data:
   Reading.
   Transforming.
   Writing.
Finished.

Timing summary:
   Real-Valued Data FFT Program v3.0
        by Scott M. Ransom
            3 Oct, 2000

Checking data in 1 input file(s):
   1:  '/home/asc/ylf/ASC/presto/TestData1/subbands/Sband_DM28.50.dat'

Data OK.  There are 531000 floats.

Result will be written to 1 output file(s):
   1:  '/home/asc/ylf/ASC/presto/TestData1/subbands/Sband_DM28.50.fft'

Performing in-core forward FFT on data:
   Reading.
   Transforming.
   Writing.
Finished.

Timing summary:
   Real-Valued Data FFT Program v3.0
        by Scott M. Ransom
            3 Oct, 2000

Checking data in 1 input file(s):
   1:  '/home/asc/ylf/ASC/presto/TestData1/subbands/Sband_DM83.50.dat'

Data OK.  There are 531000 floats.

Result will be written to 1 output file(s):
   1:  '/home/asc/ylf/ASC/presto/TestData1/subbands/Sband_DM83.50.fft'

Performing in-core forward FFT on data:
   Reading.
   Transforming.
   Writing.
Finished.

Timing summary:
   Real-Valued Data FFT Program v3.0
        by Scott M. Ransom
            3 Oct, 2000

Checking data in 1 input file(s):
   1:  '/home/asc/ylf/ASC/presto/TestData1/subbands/Sband_DM3.50.dat'

Data OK.  There are 531000 floats.

Result will be written to 1 output file(s):
   1:  '/home/asc/ylf/ASC/presto/TestData1/subbands/Sband_DM3.50.fft'

Performing in-core forward FFT on data:
   Reading.
   Transforming.
   Writing.
Finished.

Timing summary:
   Real-Valued Data FFT Program v3.0
        by Scott M. Ransom
            3 Oct, 2000

Checking data in 1 input file(s):
   1:  '/home/asc/ylf/ASC/presto/TestData1/subbands/Sband_DM3.00.dat'

Data OK.  There are 531000 floats.

Result will be written to 1 output file(s):
   1:  '/home/asc/ylf/ASC/presto/TestData1/subbands/Sband_DM3.00.fft'

Performing in-core forward FFT on data:
   Reading.
   Transforming.
   Writing.
Finished.

Timing summary:
   Real-Valued Data FFT Program v3.0
        by Scott M. Ransom
            3 Oct, 2000

Checking data in 1 input file(s):
   1:  '/home/asc/ylf/ASC/presto/TestData1/subbands/Sband_DM33.50.dat'

Data OK.  There are 531000 floats.

Result will be written to 1 output file(s):
   1:  '/home/asc/ylf/ASC/presto/TestData1/subbands/Sband_DM33.50.fft'

Performing in-core forward FFT on data:
   Reading.
   Transforming.
   Writing.
Finished.

Timing summary:
   Real-Valued Data FFT Program v3.0
        by Scott M. Ransom
            3 Oct, 2000

Checking data in 1 input file(s):
   1:  '/home/asc/ylf/ASC/presto/TestData1/subbands/Sband_DM51.50.dat'

Data OK.  There are 531000 floats.

Result will be written to 1 output file(s):
   1:  '/home/asc/ylf/ASC/presto/TestData1/subbands/Sband_DM51.50.fft'

Performing in-core forward FFT on data:
   Reading.
   Transforming.
   Writing.
Finished.

Timing summary:
   Real-Valued Data FFT Program v3.0
        by Scott M. Ransom
            3 Oct, 2000

Checking data in 1 input file(s):
   1:  '/home/asc/ylf/ASC/presto/TestData1/subbands/Sband_DM32.50.dat'

Data OK.  There are 531000 floats.

Result will be written to 1 output file(s):
   1:  '/home/asc/ylf/ASC/presto/TestData1/subbands/Sband_DM32.50.fft'

Performing in-core forward FFT on data:
   Reading.
   Transforming.
   Writing.
Finished.

Timing summary:
   Real-Valued Data FFT Program v3.0
        by Scott M. Ransom
            3 Oct, 2000

Checking data in 1 input file(s):
   1:  '/home/asc/ylf/ASC/presto/TestData1/subbands/Sband_DM52.50.dat'

Data OK.  There are 531000 floats.

Result will be written to 1 output file(s):
   1:  '/home/asc/ylf/ASC/presto/TestData1/subbands/Sband_DM52.50.fft'

Performing in-core forward FFT on data:
   Reading.
   Transforming.
   Writing.
Finished.

Timing summary:
   Real-Valued Data FFT Program v3.0
        by Scott M. Ransom
            3 Oct, 2000

Checking data in 1 input file(s):
   1:  '/home/asc/ylf/ASC/presto/TestData1/subbands/Sband_DM27.50.dat'

Data OK.  There are 531000 floats.

Result will be written to 1 output file(s):
   1:  '/home/asc/ylf/ASC/presto/TestData1/subbands/Sband_DM27.50.fft'

Performing in-core forward FFT on data:
   Reading.
   Transforming.
   Writing.
Finished.

Timing summary:
   Real-Valued Data FFT Program v3.0
        by Scott M. Ransom
            3 Oct, 2000

Checking data in 1 input file(s):
   1:  '/home/asc/ylf/ASC/presto/TestData1/subbands/Sband_DM46.00.dat'

Data OK.  There are 531000 floats.

Result will be written to 1 output file(s):
   1:  '/home/asc/ylf/ASC/presto/TestData1/subbands/Sband_DM46.00.fft'

Performing in-core forward FFT on data:
   Reading.
   Transforming.
   Writing.
Finished.

Timing summary:
   Real-Valued Data FFT Program v3.0
        by Scott M. Ransom
            3 Oct, 2000

Checking data in 1 input file(s):
   1:  '/home/asc/ylf/ASC/presto/TestData1/subbands/Sband_DM14.00.dat'

Data OK.  There are 531000 floats.

Result will be written to 1 output file(s):
   1:  '/home/asc/ylf/ASC/presto/TestData1/subbands/Sband_DM14.00.fft'

Performing in-core forward FFT on data:
   Reading.
   Transforming.
   Writing.
Finished.

Timing summary:
   Real-Valued Data FFT Program v3.0
        by Scott M. Ransom
            3 Oct, 2000

Checking data in 1 input file(s):
   1:  '/home/asc/ylf/ASC/presto/TestData1/subbands/Sband_DM40.00.dat'

Data OK.  There are 531000 floats.

Result will be written to 1 output file(s):
   1:  '/home/asc/ylf/ASC/presto/TestData1/subbands/Sband_DM40.00.fft'

Performing in-core forward FFT on data:
   Reading.
   Transforming.
   Writing.
Finished.

Timing summary:
   Real-Valued Data FFT Program v3.0
        by Scott M. Ransom
            3 Oct, 2000

Checking data in 1 input file(s):
   1:  '/home/asc/ylf/ASC/presto/TestData1/subbands/Sband_DM8.00.dat'

Data OK.  There are 531000 floats.

Result will be written to 1 output file(s):
   1:  '/home/asc/ylf/ASC/presto/TestData1/subbands/Sband_DM8.00.fft'

Performing in-core forward FFT on data:
   Reading.
   Transforming.
   Writing.
Finished.

Timing summary:
   Real-Valued Data FFT Program v3.0
        by Scott M. Ransom
            3 Oct, 2000

Checking data in 1 input file(s):
   1:  '/home/asc/ylf/ASC/presto/TestData1/subbands/Sband_DM21.50.dat'

Data OK.  There are 531000 floats.

Result will be written to 1 output file(s):
   1:  '/home/asc/ylf/ASC/presto/TestData1/subbands/Sband_DM21.50.fft'

Performing in-core forward FFT on data:
   Reading.
   Transforming.
   Writing.
Finished.

Timing summary:
   Real-Valued Data FFT Program v3.0
        by Scott M. Ransom
            3 Oct, 2000

Checking data in 1 input file(s):
   1:  '/home/asc/ylf/ASC/presto/TestData1/subbands/Sband_DM81.00.dat'

Data OK.  There are 531000 floats.

Result will be written to 1 output file(s):
   1:  '/home/asc/ylf/ASC/presto/TestData1/subbands/Sband_DM81.00.fft'

Performing in-core forward FFT on data:
   Reading.
   Transforming.
   Writing.
Finished.

Timing summary:
   Real-Valued Data FFT Program v3.0
        by Scott M. Ransom
            3 Oct, 2000

Checking data in 1 input file(s):
   1:  '/home/asc/ylf/ASC/presto/TestData1/subbands/Sband_DM15.50.dat'

Data OK.  There are 531000 floats.

Result will be written to 1 output file(s):
   1:  '/home/asc/ylf/ASC/presto/TestData1/subbands/Sband_DM15.50.fft'

Performing in-core forward FFT on data:
   Reading.
   Transforming.
   Writing.
Finished.

Timing summary:
   Real-Valued Data FFT Program v3.0
        by Scott M. Ransom
            3 Oct, 2000

Checking data in 1 input file(s):
   1:  '/home/asc/ylf/ASC/presto/TestData1/subbands/Sband_DM54.50.dat'

Data OK.  There are 531000 floats.

Result will be written to 1 output file(s):
   1:  '/home/asc/ylf/ASC/presto/TestData1/subbands/Sband_DM54.50.fft'

Performing in-core forward FFT on data:
   Reading.
   Transforming.
   Writing.
Finished.

Timing summary:
   Real-Valued Data FFT Program v3.0
        by Scott M. Ransom
            3 Oct, 2000

Checking data in 1 input file(s):
   1:  '/home/asc/ylf/ASC/presto/TestData1/subbands/Sband_DM60.50.dat'

Data OK.  There are 531000 floats.

Result will be written to 1 output file(s):
   1:  '/home/asc/ylf/ASC/presto/TestData1/subbands/Sband_DM60.50.fft'

Performing in-core forward FFT on data:
   Reading.
   Transforming.
   Writing.
Finished.

Timing summary:
   Real-Valued Data FFT Program v3.0
        by Scott M. Ransom
            3 Oct, 2000

Checking data in 1 input file(s):
   1:  '/home/asc/ylf/ASC/presto/TestData1/subbands/Sband_DM28.00.dat'

Data OK.  There are 531000 floats.

Result will be written to 1 output file(s):
   1:  '/home/asc/ylf/ASC/presto/TestData1/subbands/Sband_DM28.00.fft'

Performing in-core forward FFT on data:
   Reading.
   Transforming.
   Writing.
Finished.

Timing summary:
   Real-Valued Data FFT Program v3.0
        by Scott M. Ransom
            3 Oct, 2000

Checking data in 1 input file(s):
   1:  '/home/asc/ylf/ASC/presto/TestData1/subbands/Sband_DM71.50.dat'

Data OK.  There are 531000 floats.

Result will be written to 1 output file(s):
   1:  '/home/asc/ylf/ASC/presto/TestData1/subbands/Sband_DM71.50.fft'

Performing in-core forward FFT on data:
   Reading.
   Transforming.
   Writing.
Finished.

Timing summary:
   Real-Valued Data FFT Program v3.0
        by Scott M. Ransom
            3 Oct, 2000

Checking data in 1 input file(s):
   1:  '/home/asc/ylf/ASC/presto/TestData1/subbands/Sband_DM5.50.dat'

Data OK.  There are 531000 floats.

Result will be written to 1 output file(s):
   1:  '/home/asc/ylf/ASC/presto/TestData1/subbands/Sband_DM5.50.fft'

Performing in-core forward FFT on data:
   Reading.
   Transforming.
   Writing.
Finished.

Timing summary:
   Real-Valued Data FFT Program v3.0
        by Scott M. Ransom
            3 Oct, 2000

Checking data in 1 input file(s):
   1:  '/home/asc/ylf/ASC/presto/TestData1/subbands/Sband_DM50.50.dat'

Data OK.  There are 531000 floats.

Result will be written to 1 output file(s):
   1:  '/home/asc/ylf/ASC/presto/TestData1/subbands/Sband_DM50.50.fft'

Performing in-core forward FFT on data:
   Reading.
   Transforming.
   Writing.
Finished.

Timing summary:
   Real-Valued Data FFT Program v3.0
        by Scott M. Ransom
            3 Oct, 2000

Checking data in 1 input file(s):
   1:  '/home/asc/ylf/ASC/presto/TestData1/subbands/Sband_DM67.00.dat'

Data OK.  There are 531000 floats.

Result will be written to 1 output file(s):
   1:  '/home/asc/ylf/ASC/presto/TestData1/subbands/Sband_DM67.00.fft'

Performing in-core forward FFT on data:
   Reading.
   Transforming.
   Writing.
Finished.

Timing summary:
   Real-Valued Data FFT Program v3.0
        by Scott M. Ransom
            3 Oct, 2000

Checking data in 1 input file(s):
   1:  '/home/asc/ylf/ASC/presto/TestData1/subbands/Sband_DM47.50.dat'

Data OK.  There are 531000 floats.

Result will be written to 1 output file(s):
   1:  '/home/asc/ylf/ASC/presto/TestData1/subbands/Sband_DM47.50.fft'

Performing in-core forward FFT on data:
   Reading.
   Transforming.
   Writing.
Finished.

Timing summary:
   Real-Valued Data FFT Program v3.0
        by Scott M. Ransom
            3 Oct, 2000

Checking data in 1 input file(s):
   1:  '/home/asc/ylf/ASC/presto/TestData1/subbands/Sband_DM26.00.dat'

Data OK.  There are 531000 floats.

Result will be written to 1 output file(s):
   1:  '/home/asc/ylf/ASC/presto/TestData1/subbands/Sband_DM26.00.fft'

Performing in-core forward FFT on data:
   Reading.
   Transforming.
   Writing.
Finished.

Timing summary:
   Real-Valued Data FFT Program v3.0
        by Scott M. Ransom
            3 Oct, 2000

Checking data in 1 input file(s):
   1:  '/home/asc/ylf/ASC/presto/TestData1/subbands/Sband_DM82.00.dat'

Data OK.  There are 531000 floats.

Result will be written to 1 output file(s):
   1:  '/home/asc/ylf/ASC/presto/TestData1/subbands/Sband_DM82.00.fft'

Performing in-core forward FFT on data:
   Reading.
   Transforming.
   Writing.
Finished.

Timing summary:
   Real-Valued Data FFT Program v3.0
        by Scott M. Ransom
            3 Oct, 2000

Checking data in 1 input file(s):
   1:  '/home/asc/ylf/ASC/presto/TestData1/subbands/Sband_DM29.00.dat'

Data OK.  There are 531000 floats.

Result will be written to 1 output file(s):
   1:  '/home/asc/ylf/ASC/presto/TestData1/subbands/Sband_DM29.00.fft'

Performing in-core forward FFT on data:
   Reading.
   Transforming.
   Writing.
Finished.

Timing summary:
   Real-Valued Data FFT Program v3.0
        by Scott M. Ransom
            3 Oct, 2000

Checking data in 1 input file(s):
   1:  '/home/asc/ylf/ASC/presto/TestData1/subbands/Sband_DM56.00.dat'

Data OK.  There are 531000 floats.

Result will be written to 1 output file(s):
   1:  '/home/asc/ylf/ASC/presto/TestData1/subbands/Sband_DM56.00.fft'

Performing in-core forward FFT on data:
   Reading.
   Transforming.
   Writing.
Finished.

Timing summary:
   Real-Valued Data FFT Program v3.0
        by Scott M. Ransom
            3 Oct, 2000

Checking data in 1 input file(s):
   1:  '/home/asc/ylf/ASC/presto/TestData1/subbands/Sband_DM70.50.dat'

Data OK.  There are 531000 floats.

Result will be written to 1 output file(s):
   1:  '/home/asc/ylf/ASC/presto/TestData1/subbands/Sband_DM70.50.fft'

Performing in-core forward FFT on data:
   Reading.
   Transforming.
   Writing.
Finished.

Timing summary:
   Real-Valued Data FFT Program v3.0
        by Scott M. Ransom
            3 Oct, 2000

Checking data in 1 input file(s):
   1:  '/home/asc/ylf/ASC/presto/TestData1/subbands/Sband_DM72.00.dat'

Data OK.  There are 531000 floats.

Result will be written to 1 output file(s):
   1:  '/home/asc/ylf/ASC/presto/TestData1/subbands/Sband_DM72.00.fft'

Performing in-core forward FFT on data:
   Reading.
   Transforming.
   Writing.
Finished.

Timing summary:
   Real-Valued Data FFT Program v3.0
        by Scott M. Ransom
            3 Oct, 2000

Checking data in 1 input file(s):
   1:  '/home/asc/ylf/ASC/presto/TestData1/subbands/Sband_DM1.00.dat'

Data OK.  There are 531000 floats.

Result will be written to 1 output file(s):
   1:  '/home/asc/ylf/ASC/presto/TestData1/subbands/Sband_DM1.00.fft'

Performing in-core forward FFT on data:
   Reading.
   Transforming.
   Writing.
Finished.

Timing summary:
   Real-Valued Data FFT Program v3.0
        by Scott M. Ransom
            3 Oct, 2000

Checking data in 1 input file(s):
   1:  '/home/asc/ylf/ASC/presto/TestData1/subbands/Sband_DM14.50.dat'

Data OK.  There are 531000 floats.

Result will be written to 1 output file(s):
   1:  '/home/asc/ylf/ASC/presto/TestData1/subbands/Sband_DM14.50.fft'

Performing in-core forward FFT on data:
   Reading.
   Transforming.
   Writing.
Finished.

Timing summary:
   Real-Valued Data FFT Program v3.0
        by Scott M. Ransom
            3 Oct, 2000

Checking data in 1 input file(s):
   1:  '/home/asc/ylf/ASC/presto/TestData1/subbands/Sband_DM73.50.dat'

Data OK.  There are 531000 floats.

Result will be written to 1 output file(s):
   1:  '/home/asc/ylf/ASC/presto/TestData1/subbands/Sband_DM73.50.fft'

Performing in-core forward FFT on data:
   Reading.
   Transforming.
   Writing.
Finished.

Timing summary:
   Real-Valued Data FFT Program v3.0
        by Scott M. Ransom
            3 Oct, 2000

Checking data in 1 input file(s):
   1:  '/home/asc/ylf/ASC/presto/TestData1/subbands/Sband_DM41.50.dat'

Data OK.  There are 531000 floats.

Result will be written to 1 output file(s):
   1:  '/home/asc/ylf/ASC/presto/TestData1/subbands/Sband_DM41.50.fft'

Performing in-core forward FFT on data:
   Reading.
   Transforming.
   Writing.
Finished.

Timing summary:
   Real-Valued Data FFT Program v3.0
        by Scott M. Ransom
            3 Oct, 2000

Checking data in 1 input file(s):
   1:  '/home/asc/ylf/ASC/presto/TestData1/subbands/Sband_DM73.00.dat'

Data OK.  There are 531000 floats.

Result will be written to 1 output file(s):
   1:  '/home/asc/ylf/ASC/presto/TestData1/subbands/Sband_DM73.00.fft'

Performing in-core forward FFT on data:
   Reading.
   Transforming.
   Writing.
Finished.

Timing summary:
   Real-Valued Data FFT Program v3.0
        by Scott M. Ransom
            3 Oct, 2000

Checking data in 1 input file(s):
   1:  '/home/asc/ylf/ASC/presto/TestData1/subbands/Sband_DM65.50.dat'

Data OK.  There are 531000 floats.

Result will be written to 1 output file(s):
   1:  '/home/asc/ylf/ASC/presto/TestData1/subbands/Sband_DM65.50.fft'

Performing in-core forward FFT on data:
   Reading.
   Transforming.
   Writing.
Finished.

Timing summary:
   Real-Valued Data FFT Program v3.0
        by Scott M. Ransom
            3 Oct, 2000

Checking data in 1 input file(s):
   1:  '/home/asc/ylf/ASC/presto/TestData1/subbands/Sband_DM25.00.dat'

Data OK.  There are 531000 floats.

Result will be written to 1 output file(s):
   1:  '/home/asc/ylf/ASC/presto/TestData1/subbands/Sband_DM25.00.fft'

Performing in-core forward FFT on data:
   Reading.
   Transforming.
   Writing.
Finished.

Timing summary:
   Real-Valued Data FFT Program v3.0
        by Scott M. Ransom
            3 Oct, 2000

Checking data in 1 input file(s):
   1:  '/home/asc/ylf/ASC/presto/TestData1/subbands/Sband_DM40.50.dat'

Data OK.  There are 531000 floats.

Result will be written to 1 output file(s):
   1:  '/home/asc/ylf/ASC/presto/TestData1/subbands/Sband_DM40.50.fft'

Performing in-core forward FFT on data:
   Reading.
   Transforming.
   Writing.
Finished.

Timing summary:
   Real-Valued Data FFT Program v3.0
        by Scott M. Ransom
            3 Oct, 2000

Checking data in 1 input file(s):
   1:  '/home/asc/ylf/ASC/presto/TestData1/subbands/Sband_DM47.00.dat'

Data OK.  There are 531000 floats.

Result will be written to 1 output file(s):
   1:  '/home/asc/ylf/ASC/presto/TestData1/subbands/Sband_DM47.00.fft'

Performing in-core forward FFT on data:
   Reading.
   Transforming.
   Writing.
Finished.

Timing summary:
   Real-Valued Data FFT Program v3.0
        by Scott M. Ransom
            3 Oct, 2000

Checking data in 1 input file(s):
   1:  '/home/asc/ylf/ASC/presto/TestData1/subbands/Sband_DM62.50.dat'

Data OK.  There are 531000 floats.

Result will be written to 1 output file(s):
   1:  '/home/asc/ylf/ASC/presto/TestData1/subbands/Sband_DM62.50.fft'

Performing in-core forward FFT on data:
   Reading.
   Transforming.
   Writing.
Finished.

Timing summary:
   Real-Valued Data FFT Program v3.0
        by Scott M. Ransom
            3 Oct, 2000

Checking data in 1 input file(s):
   1:  '/home/asc/ylf/ASC/presto/TestData1/subbands/Sband_DM43.50.dat'

Data OK.  There are 531000 floats.

Result will be written to 1 output file(s):
   1:  '/home/asc/ylf/ASC/presto/TestData1/subbands/Sband_DM43.50.fft'

Performing in-core forward FFT on data:
   Reading.
   Transforming.
   Writing.
Finished.

Timing summary:
   Real-Valued Data FFT Program v3.0
        by Scott M. Ransom
            3 Oct, 2000

Checking data in 1 input file(s):
   1:  '/home/asc/ylf/ASC/presto/TestData1/subbands/Sband_DM4.00.dat'

Data OK.  There are 531000 floats.

Result will be written to 1 output file(s):
   1:  '/home/asc/ylf/ASC/presto/TestData1/subbands/Sband_DM4.00.fft'

Performing in-core forward FFT on data:
   Reading.
   Transforming.
   Writing.
Finished.

Timing summary:
   Real-Valued Data FFT Program v3.0
        by Scott M. Ransom
            3 Oct, 2000

Checking data in 1 input file(s):
   1:  '/home/asc/ylf/ASC/presto/TestData1/subbands/Sband_DM15.00.dat'

Data OK.  There are 531000 floats.

Result will be written to 1 output file(s):
   1:  '/home/asc/ylf/ASC/presto/TestData1/subbands/Sband_DM15.00.fft'

Performing in-core forward FFT on data:
   Reading.
   Transforming.
   Writing.
Finished.

Timing summary:
   Real-Valued Data FFT Program v3.0
        by Scott M. Ransom
            3 Oct, 2000

Checking data in 1 input file(s):
   1:  '/home/asc/ylf/ASC/presto/TestData1/subbands/Sband_DM65.00.dat'

Data OK.  There are 531000 floats.

Result will be written to 1 output file(s):
   1:  '/home/asc/ylf/ASC/presto/TestData1/subbands/Sband_DM65.00.fft'

Performing in-core forward FFT on data:
   Reading.
   Transforming.
   Writing.
Finished.

Timing summary:
   Real-Valued Data FFT Program v3.0
        by Scott M. Ransom
            3 Oct, 2000

Checking data in 1 input file(s):
   1:  '/home/asc/ylf/ASC/presto/TestData1/subbands/Sband_DM42.00.dat'

Data OK.  There are 531000 floats.

Result will be written to 1 output file(s):
   1:  '/home/asc/ylf/ASC/presto/TestData1/subbands/Sband_DM42.00.fft'

Performing in-core forward FFT on data:
   Reading.
   Transforming.
   Writing.
Finished.

Timing summary:
   Real-Valued Data FFT Program v3.0
        by Scott M. Ransom
            3 Oct, 2000

Checking data in 1 input file(s):
   1:  '/home/asc/ylf/ASC/presto/TestData1/subbands/Sband_DM25.50.dat'

Data OK.  There are 531000 floats.

Result will be written to 1 output file(s):
   1:  '/home/asc/ylf/ASC/presto/TestData1/subbands/Sband_DM25.50.fft'

Performing in-core forward FFT on data:
   Reading.
   Transforming.
   Writing.
Finished.

Timing summary:
   Real-Valued Data FFT Program v3.0
        by Scott M. Ransom
            3 Oct, 2000

Checking data in 1 input file(s):
   1:  '/home/asc/ylf/ASC/presto/TestData1/subbands/Sband_DM41.00.dat'

Data OK.  There are 531000 floats.

Result will be written to 1 output file(s):
   1:  '/home/asc/ylf/ASC/presto/TestData1/subbands/Sband_DM41.00.fft'

Performing in-core forward FFT on data:
   Reading.
   Transforming.
   Writing.
Finished.

Timing summary:
   Real-Valued Data FFT Program v3.0
        by Scott M. Ransom
            3 Oct, 2000

Checking data in 1 input file(s):
   1:  '/home/asc/ylf/ASC/presto/TestData1/subbands/Sband_DM35.50.dat'

Data OK.  There are 531000 floats.

Result will be written to 1 output file(s):
   1:  '/home/asc/ylf/ASC/presto/TestData1/subbands/Sband_DM35.50.fft'

Performing in-core forward FFT on data:
   Reading.
   Transforming.
   Writing.
Finished.

Timing summary:
   Real-Valued Data FFT Program v3.0
        by Scott M. Ransom
            3 Oct, 2000

Checking data in 1 input file(s):
   1:  '/home/asc/ylf/ASC/presto/TestData1/subbands/Sband_DM1.50.dat'

Data OK.  There are 531000 floats.

Result will be written to 1 output file(s):
   1:  '/home/asc/ylf/ASC/presto/TestData1/subbands/Sband_DM1.50.fft'

Performing in-core forward FFT on data:
   Reading.
   Transforming.
   Writing.
Finished.

Timing summary:
   Real-Valued Data FFT Program v3.0
        by Scott M. Ransom
            3 Oct, 2000

Checking data in 1 input file(s):
   1:  '/home/asc/ylf/ASC/presto/TestData1/subbands/Sband_DM63.00.dat'

Data OK.  There are 531000 floats.

Result will be written to 1 output file(s):
   1:  '/home/asc/ylf/ASC/presto/TestData1/subbands/Sband_DM63.00.fft'

Performing in-core forward FFT on data:
   Reading.
   Transforming.
   Writing.
Finished.

Timing summary:
   Real-Valued Data FFT Program v3.0
        by Scott M. Ransom
            3 Oct, 2000

Checking data in 1 input file(s):
   1:  '/home/asc/ylf/ASC/presto/TestData1/subbands/Sband_DM83.00.dat'

Data OK.  There are 531000 floats.

Result will be written to 1 output file(s):
   1:  '/home/asc/ylf/ASC/presto/TestData1/subbands/Sband_DM83.00.fft'

Performing in-core forward FFT on data:
   Reading.
   Transforming.
   Writing.
Finished.

Timing summary:
   Real-Valued Data FFT Program v3.0
        by Scott M. Ransom
            3 Oct, 2000

Checking data in 1 input file(s):
   1:  '/home/asc/ylf/ASC/presto/TestData1/subbands/Sband_DM74.50.dat'

Data OK.  There are 531000 floats.

Result will be written to 1 output file(s):
   1:  '/home/asc/ylf/ASC/presto/TestData1/subbands/Sband_DM74.50.fft'

Performing in-core forward FFT on data:
   Reading.
   Transforming.
   Writing.
Finished.

Timing summary:
   Real-Valued Data FFT Program v3.0
        by Scott M. Ransom
            3 Oct, 2000

Checking data in 1 input file(s):
   1:  '/home/asc/ylf/ASC/presto/TestData1/subbands/Sband_DM7.00.dat'

Data OK.  There are 531000 floats.

Result will be written to 1 output file(s):
   1:  '/home/asc/ylf/ASC/presto/TestData1/subbands/Sband_DM7.00.fft'

Performing in-core forward FFT on data:
   Reading.
   Transforming.
   Writing.
Finished.

Timing summary:
   Real-Valued Data FFT Program v3.0
        by Scott M. Ransom
            3 Oct, 2000

Checking data in 1 input file(s):
   1:  '/home/asc/ylf/ASC/presto/TestData1/subbands/Sband_DM61.50.dat'

Data OK.  There are 531000 floats.

Result will be written to 1 output file(s):
   1:  '/home/asc/ylf/ASC/presto/TestData1/subbands/Sband_DM61.50.fft'

Performing in-core forward FFT on data:
   Reading.
   Transforming.
   Writing.
Finished.

Timing summary:
   Real-Valued Data FFT Program v3.0
        by Scott M. Ransom
            3 Oct, 2000

Checking data in 1 input file(s):
   1:  '/home/asc/ylf/ASC/presto/TestData1/subbands/Sband_DM18.50.dat'

Data OK.  There are 531000 floats.

Result will be written to 1 output file(s):
   1:  '/home/asc/ylf/ASC/presto/TestData1/subbands/Sband_DM18.50.fft'

Performing in-core forward FFT on data:
   Reading.
   Transforming.
   Writing.
Finished.

Timing summary:
   Real-Valued Data FFT Program v3.0
        by Scott M. Ransom
            3 Oct, 2000

Checking data in 1 input file(s):
   1:  '/home/asc/ylf/ASC/presto/TestData1/subbands/Sband_DM39.00.dat'

Data OK.  There are 531000 floats.

Result will be written to 1 output file(s):
   1:  '/home/asc/ylf/ASC/presto/TestData1/subbands/Sband_DM39.00.fft'

Performing in-core forward FFT on data:
   Reading.
   Transforming.
   Writing.
Finished.

Timing summary:
   Real-Valued Data FFT Program v3.0
        by Scott M. Ransom
            3 Oct, 2000

Checking data in 1 input file(s):
   1:  '/home/asc/ylf/ASC/presto/TestData1/subbands/Sband_DM80.00.dat'

Data OK.  There are 531000 floats.

Result will be written to 1 output file(s):
   1:  '/home/asc/ylf/ASC/presto/TestData1/subbands/Sband_DM80.00.fft'

Performing in-core forward FFT on data:
   Reading.
   Transforming.
   Writing.
Finished.

Timing summary:
   Real-Valued Data FFT Program v3.0
        by Scott M. Ransom
            3 Oct, 2000

Checking data in 1 input file(s):
   1:  '/home/asc/ylf/ASC/presto/TestData1/subbands/Sband_DM53.50.dat'

Data OK.  There are 531000 floats.

Result will be written to 1 output file(s):
   1:  '/home/asc/ylf/ASC/presto/TestData1/subbands/Sband_DM53.50.fft'

Performing in-core forward FFT on data:
   Reading.
   Transforming.
   Writing.
Finished.

Timing summary:
   Real-Valued Data FFT Program v3.0
        by Scott M. Ransom
            3 Oct, 2000

Checking data in 1 input file(s):
   1:  '/home/asc/ylf/ASC/presto/TestData1/subbands/Sband_DM77.00.dat'

Data OK.  There are 531000 floats.

Result will be written to 1 output file(s):
   1:  '/home/asc/ylf/ASC/presto/TestData1/subbands/Sband_DM77.00.fft'

Performing in-core forward FFT on data:
   Reading.
   Transforming.
   Writing.
Finished.

Timing summary:
   Real-Valued Data FFT Program v3.0
        by Scott M. Ransom
            3 Oct, 2000

Checking data in 1 input file(s):
   1:  '/home/asc/ylf/ASC/presto/TestData1/subbands/Sband_DM50.00.dat'

Data OK.  There are 531000 floats.

Result will be written to 1 output file(s):
   1:  '/home/asc/ylf/ASC/presto/TestData1/subbands/Sband_DM50.00.fft'

Performing in-core forward FFT on data:
   Reading.
   Transforming.
   Writing.
Finished.

Timing summary:
   Real-Valued Data FFT Program v3.0
        by Scott M. Ransom
            3 Oct, 2000

Checking data in 1 input file(s):
   1:  '/home/asc/ylf/ASC/presto/TestData1/subbands/Sband_DM2.50.dat'

Data OK.  There are 531000 floats.

Result will be written to 1 output file(s):
   1:  '/home/asc/ylf/ASC/presto/TestData1/subbands/Sband_DM2.50.fft'

Performing in-core forward FFT on data:
   Reading.
   Transforming.
   Writing.
Finished.

Timing summary:
   Real-Valued Data FFT Program v3.0
        by Scott M. Ransom
            3 Oct, 2000

Checking data in 1 input file(s):
   1:  '/home/asc/ylf/ASC/presto/TestData1/subbands/Sband_DM52.00.dat'

Data OK.  There are 531000 floats.

Result will be written to 1 output file(s):
   1:  '/home/asc/ylf/ASC/presto/TestData1/subbands/Sband_DM52.00.fft'

Performing in-core forward FFT on data:
   Reading.
   Transforming.
   Writing.
Finished.

Timing summary:
   Real-Valued Data FFT Program v3.0
        by Scott M. Ransom
            3 Oct, 2000

Checking data in 1 input file(s):
   1:  '/home/asc/ylf/ASC/presto/TestData1/subbands/Sband_DM35.00.dat'

Data OK.  There are 531000 floats.

Result will be written to 1 output file(s):
   1:  '/home/asc/ylf/ASC/presto/TestData1/subbands/Sband_DM35.00.fft'

Performing in-core forward FFT on data:
   Reading.
   Transforming.
   Writing.
Finished.

Timing summary:
   Real-Valued Data FFT Program v3.0
        by Scott M. Ransom
            3 Oct, 2000

Checking data in 1 input file(s):
   1:  '/home/asc/ylf/ASC/presto/TestData1/subbands/Sband_DM12.50.dat'

Data OK.  There are 531000 floats.

Result will be written to 1 output file(s):
   1:  '/home/asc/ylf/ASC/presto/TestData1/subbands/Sband_DM12.50.fft'

Performing in-core forward FFT on data:
   Reading.
   Transforming.
   Writing.
Finished.

Timing summary:
   Real-Valued Data FFT Program v3.0
        by Scott M. Ransom
            3 Oct, 2000

Checking data in 1 input file(s):
   1:  '/home/asc/ylf/ASC/presto/TestData1/subbands/Sband_DM18.00.dat'

Data OK.  There are 531000 floats.

Result will be written to 1 output file(s):
   1:  '/home/asc/ylf/ASC/presto/TestData1/subbands/Sband_DM18.00.fft'

Performing in-core forward FFT on data:
   Reading.
   Transforming.
   Writing.
Finished.

Timing summary:
   Real-Valued Data FFT Program v3.0
        by Scott M. Ransom
            3 Oct, 2000

Checking data in 1 input file(s):
   1:  '/home/asc/ylf/ASC/presto/TestData1/subbands/Sband_DM62.00.dat'

Data OK.  There are 531000 floats.

Result will be written to 1 output file(s):
   1:  '/home/asc/ylf/ASC/presto/TestData1/subbands/Sband_DM62.00.fft'

Performing in-core forward FFT on data:
   Reading.
   Transforming.
   Writing.
Finished.

Timing summary:
   Real-Valued Data FFT Program v3.0
        by Scott M. Ransom
            3 Oct, 2000

Checking data in 1 input file(s):
   1:  '/home/asc/ylf/ASC/presto/TestData1/subbands/Sband_DM6.00.dat'

Data OK.  There are 531000 floats.

Result will be written to 1 output file(s):
   1:  '/home/asc/ylf/ASC/presto/TestData1/subbands/Sband_DM6.00.fft'

Performing in-core forward FFT on data:
   Reading.
   Transforming.
   Writing.
Finished.

Timing summary:
   Real-Valued Data FFT Program v3.0
        by Scott M. Ransom
            3 Oct, 2000

Checking data in 1 input file(s):
   1:  '/home/asc/ylf/ASC/presto/TestData1/subbands/Sband_DM4.50.dat'

Data OK.  There are 531000 floats.

Result will be written to 1 output file(s):
   1:  '/home/asc/ylf/ASC/presto/TestData1/subbands/Sband_DM4.50.fft'

Performing in-core forward FFT on data:
   Reading.
   Transforming.
   Writing.
Finished.

Timing summary:
   Real-Valued Data FFT Program v3.0
        by Scott M. Ransom
            3 Oct, 2000

Checking data in 1 input file(s):
   1:  '/home/asc/ylf/ASC/presto/TestData1/subbands/Sband_DM49.00.dat'

Data OK.  There are 531000 floats.

Result will be written to 1 output file(s):
   1:  '/home/asc/ylf/ASC/presto/TestData1/subbands/Sband_DM49.00.fft'

Performing in-core forward FFT on data:
   Reading.
   Transforming.
   Writing.
Finished.

Timing summary:
   Real-Valued Data FFT Program v3.0
        by Scott M. Ransom
            3 Oct, 2000

Checking data in 1 input file(s):
   1:  '/home/asc/ylf/ASC/presto/TestData1/subbands/Sband_DM45.50.dat'

Data OK.  There are 531000 floats.

Result will be written to 1 output file(s):
   1:  '/home/asc/ylf/ASC/presto/TestData1/subbands/Sband_DM45.50.fft'

Performing in-core forward FFT on data:
   Reading.
   Transforming.
   Writing.
Finished.

Timing summary:
   Real-Valued Data FFT Program v3.0
        by Scott M. Ransom
            3 Oct, 2000

Checking data in 1 input file(s):
   1:  '/home/asc/ylf/ASC/presto/TestData1/subbands/Sband_DM69.00.dat'

Data OK.  There are 531000 floats.

Result will be written to 1 output file(s):
   1:  '/home/asc/ylf/ASC/presto/TestData1/subbands/Sband_DM69.00.fft'

Performing in-core forward FFT on data:
   Reading.
   Transforming.
   Writing.
Finished.

Timing summary:
   Real-Valued Data FFT Program v3.0
        by Scott M. Ransom
            3 Oct, 2000

Checking data in 1 input file(s):
   1:  '/home/asc/ylf/ASC/presto/TestData1/subbands/Sband_DM26.50.dat'

Data OK.  There are 531000 floats.

Result will be written to 1 output file(s):
   1:  '/home/asc/ylf/ASC/presto/TestData1/subbands/Sband_DM26.50.fft'

Performing in-core forward FFT on data:
   Reading.
   Transforming.
   Writing.
Finished.

Timing summary:
   Real-Valued Data FFT Program v3.0
        by Scott M. Ransom
            3 Oct, 2000

Checking data in 1 input file(s):
   1:  '/home/asc/ylf/ASC/presto/TestData1/subbands/Sband_DM60.00.dat'

Data OK.  There are 531000 floats.

Result will be written to 1 output file(s):
   1:  '/home/asc/ylf/ASC/presto/TestData1/subbands/Sband_DM60.00.fft'

Performing in-core forward FFT on data:
   Reading.
   Transforming.
   Writing.
Finished.

Timing summary:
   Real-Valued Data FFT Program v3.0
        by Scott M. Ransom
            3 Oct, 2000

Checking data in 1 input file(s):
   1:  '/home/asc/ylf/ASC/presto/TestData1/subbands/Sband_DM24.00.dat'

Data OK.  There are 531000 floats.

Result will be written to 1 output file(s):
   1:  '/home/asc/ylf/ASC/presto/TestData1/subbands/Sband_DM24.00.fft'

Performing in-core forward FFT on data:
   Reading.
   Transforming.
   Writing.
Finished.

Timing summary:
   Real-Valued Data FFT Program v3.0
        by Scott M. Ransom
            3 Oct, 2000

Checking data in 1 input file(s):
   1:  '/home/asc/ylf/ASC/presto/TestData1/subbands/Sband_DM43.00.dat'

Data OK.  There are 531000 floats.

Result will be written to 1 output file(s):
   1:  '/home/asc/ylf/ASC/presto/TestData1/subbands/Sband_DM43.00.fft'

Performing in-core forward FFT on data:
   Reading.
   Transforming.
   Writing.
Finished.

Timing summary:
   Real-Valued Data FFT Program v3.0
        by Scott M. Ransom
            3 Oct, 2000

Checking data in 1 input file(s):
   1:  '/home/asc/ylf/ASC/presto/TestData1/subbands/Sband_DM77.50.dat'

Data OK.  There are 531000 floats.

Result will be written to 1 output file(s):
   1:  '/home/asc/ylf/ASC/presto/TestData1/subbands/Sband_DM77.50.fft'

Performing in-core forward FFT on data:
   Reading.
   Transforming.
   Writing.
Finished.

Timing summary:
   Real-Valued Data FFT Program v3.0
        by Scott M. Ransom
            3 Oct, 2000

Checking data in 1 input file(s):
   1:  '/home/asc/ylf/ASC/presto/TestData1/subbands/Sband_DM78.00.dat'

Data OK.  There are 531000 floats.

Result will be written to 1 output file(s):
   1:  '/home/asc/ylf/ASC/presto/TestData1/subbands/Sband_DM78.00.fft'

Performing in-core forward FFT on data:
   Reading.
   Transforming.
   Writing.
Finished.

Timing summary:
   Real-Valued Data FFT Program v3.0
        by Scott M. Ransom
            3 Oct, 2000

Checking data in 1 input file(s):
   1:  '/home/asc/ylf/ASC/presto/TestData1/subbands/Sband_DM30.00.dat'

Data OK.  There are 531000 floats.

Result will be written to 1 output file(s):
   1:  '/home/asc/ylf/ASC/presto/TestData1/subbands/Sband_DM30.00.fft'

Performing in-core forward FFT on data:
   Reading.
   Transforming.
   Writing.
Finished.

Timing summary:
   Real-Valued Data FFT Program v3.0
        by Scott M. Ransom
            3 Oct, 2000

Checking data in 1 input file(s):
   1:  '/home/asc/ylf/ASC/presto/TestData1/subbands/Sband_DM55.00.dat'

Data OK.  There are 531000 floats.

Result will be written to 1 output file(s):
   1:  '/home/asc/ylf/ASC/presto/TestData1/subbands/Sband_DM55.00.fft'

Performing in-core forward FFT on data:
   Reading.
   Transforming.
   Writing.
Finished.

Timing summary:
   Real-Valued Data FFT Program v3.0
        by Scott M. Ransom
            3 Oct, 2000

Checking data in 1 input file(s):
   1:  '/home/asc/ylf/ASC/presto/TestData1/subbands/Sband_DM21.00.dat'

Data OK.  There are 531000 floats.

Result will be written to 1 output file(s):
   1:  '/home/asc/ylf/ASC/presto/TestData1/subbands/Sband_DM21.00.fft'

Performing in-core forward FFT on data:
   Reading.
   Transforming.
   Writing.
Finished.

Timing summary:
   Real-Valued Data FFT Program v3.0
        by Scott M. Ransom
            3 Oct, 2000

Checking data in 1 input file(s):
   1:  '/home/asc/ylf/ASC/presto/TestData1/subbands/Sband_DM69.50.dat'

Data OK.  There are 531000 floats.

Result will be written to 1 output file(s):
   1:  '/home/asc/ylf/ASC/presto/TestData1/subbands/Sband_DM69.50.fft'

Performing in-core forward FFT on data:
   Reading.
   Transforming.
   Writing.
Finished.

Timing summary:
   Real-Valued Data FFT Program v3.0
        by Scott M. Ransom
            3 Oct, 2000

Checking data in 1 input file(s):
   1:  '/home/asc/ylf/ASC/presto/TestData1/subbands/Sband_DM10.50.dat'

Data OK.  There are 531000 floats.

Result will be written to 1 output file(s):
   1:  '/home/asc/ylf/ASC/presto/TestData1/subbands/Sband_DM10.50.fft'

Performing in-core forward FFT on data:
   Reading.
   Transforming.
   Writing.
Finished.

Timing summary:
   Real-Valued Data FFT Program v3.0
        by Scott M. Ransom
            3 Oct, 2000

Checking data in 1 input file(s):
   1:  '/home/asc/ylf/ASC/presto/TestData1/subbands/Sband_DM48.50.dat'

Data OK.  There are 531000 floats.

Result will be written to 1 output file(s):
   1:  '/home/asc/ylf/ASC/presto/TestData1/subbands/Sband_DM48.50.fft'

Performing in-core forward FFT on data:
   Reading.
   Transforming.
   Writing.
Finished.

Timing summary:
   Real-Valued Data FFT Program v3.0
        by Scott M. Ransom
            3 Oct, 2000

Checking data in 1 input file(s):
   1:  '/home/asc/ylf/ASC/presto/TestData1/subbands/Sband_DM34.50.dat'

Data OK.  There are 531000 floats.

Result will be written to 1 output file(s):
   1:  '/home/asc/ylf/ASC/presto/TestData1/subbands/Sband_DM34.50.fft'

Performing in-core forward FFT on data:
   Reading.
   Transforming.
   Writing.
Finished.

Timing summary:
   Real-Valued Data FFT Program v3.0
        by Scott M. Ransom
            3 Oct, 2000

Checking data in 1 input file(s):
   1:  '/home/asc/ylf/ASC/presto/TestData1/subbands/Sband_DM24.50.dat'

Data OK.  There are 531000 floats.

Result will be written to 1 output file(s):
   1:  '/home/asc/ylf/ASC/presto/TestData1/subbands/Sband_DM24.50.fft'

Performing in-core forward FFT on data:
   Reading.
   Transforming.
   Writing.
Finished.

Timing summary:
   Real-Valued Data FFT Program v3.0
        by Scott M. Ransom
            3 Oct, 2000

Checking data in 1 input file(s):
   1:  '/home/asc/ylf/ASC/presto/TestData1/subbands/Sband_DM10.00.dat'

Data OK.  There are 531000 floats.

Result will be written to 1 output file(s):
   1:  '/home/asc/ylf/ASC/presto/TestData1/subbands/Sband_DM10.00.fft'

Performing in-core forward FFT on data:
   Reading.
   Transforming.
   Writing.
Finished.

Timing summary:
   Real-Valued Data FFT Program v3.0
        by Scott M. Ransom
            3 Oct, 2000

Checking data in 1 input file(s):
   1:  '/home/asc/ylf/ASC/presto/TestData1/subbands/Sband_DM22.00.dat'

Data OK.  There are 531000 floats.

Result will be written to 1 output file(s):
   1:  '/home/asc/ylf/ASC/presto/TestData1/subbands/Sband_DM22.00.fft'

Performing in-core forward FFT on data:
   Reading.
   Transforming.
   Writing.
Finished.

Timing summary:
   Real-Valued Data FFT Program v3.0
        by Scott M. Ransom
            3 Oct, 2000

Checking data in 1 input file(s):
   1:  '/home/asc/ylf/ASC/presto/TestData1/subbands/Sband_DM0.00.dat'

Data OK.  There are 531000 floats.

Result will be written to 1 output file(s):
   1:  '/home/asc/ylf/ASC/presto/TestData1/subbands/Sband_DM0.00.fft'

Performing in-core forward FFT on data:
   Reading.
   Transforming.
   Writing.
Finished.

Timing summary:
   Real-Valued Data FFT Program v3.0
        by Scott M. Ransom
            3 Oct, 2000

Checking data in 1 input file(s):
   1:  '/home/asc/ylf/ASC/presto/TestData1/subbands/Sband_DM5.00.dat'

Data OK.  There are 531000 floats.

Result will be written to 1 output file(s):
   1:  '/home/asc/ylf/ASC/presto/TestData1/subbands/Sband_DM5.00.fft'

Performing in-core forward FFT on data:
   Reading.
   Transforming.
   Writing.
Finished.

Timing summary:
   Real-Valued Data FFT Program v3.0
        by Scott M. Ransom
            3 Oct, 2000

Checking data in 1 input file(s):
   1:  '/home/asc/ylf/ASC/presto/TestData1/subbands/Sband_DM48.00.dat'

Data OK.  There are 531000 floats.

Result will be written to 1 output file(s):
   1:  '/home/asc/ylf/ASC/presto/TestData1/subbands/Sband_DM48.00.fft'

Performing in-core forward FFT on data:
   Reading.
   Transforming.
   Writing.
Finished.

Timing summary:
   Real-Valued Data FFT Program v3.0
        by Scott M. Ransom
            3 Oct, 2000

Checking data in 1 input file(s):
   1:  '/home/asc/ylf/ASC/presto/TestData1/subbands/Sband_DM64.50.dat'

Data OK.  There are 531000 floats.

Result will be written to 1 output file(s):
   1:  '/home/asc/ylf/ASC/presto/TestData1/subbands/Sband_DM64.50.fft'

Performing in-core forward FFT on data:
   Reading.
   Transforming.
   Writing.
Finished.

Timing summary:
   Real-Valued Data FFT Program v3.0
        by Scott M. Ransom
            3 Oct, 2000

Checking data in 1 input file(s):
   1:  '/home/asc/ylf/ASC/presto/TestData1/subbands/Sband_DM11.00.dat'

Data OK.  There are 531000 floats.

Result will be written to 1 output file(s):
   1:  '/home/asc/ylf/ASC/presto/TestData1/subbands/Sband_DM11.00.fft'

Performing in-core forward FFT on data:
   Reading.
   Transforming.
   Writing.
Finished.

Timing summary:
   Real-Valued Data FFT Program v3.0
        by Scott M. Ransom
            3 Oct, 2000

Checking data in 1 input file(s):
   1:  '/home/asc/ylf/ASC/presto/TestData1/subbands/Sband_DM2.00.dat'

Data OK.  There are 531000 floats.

Result will be written to 1 output file(s):
   1:  '/home/asc/ylf/ASC/presto/TestData1/subbands/Sband_DM2.00.fft'

Performing in-core forward FFT on data:
   Reading.
   Transforming.
   Writing.
Finished.

Timing summary:
   Real-Valued Data FFT Program v3.0
        by Scott M. Ransom
            3 Oct, 2000

Checking data in 1 input file(s):
   1:  '/home/asc/ylf/ASC/presto/TestData1/subbands/Sband_DM31.50.dat'

Data OK.  There are 531000 floats.

Result will be written to 1 output file(s):
   1:  '/home/asc/ylf/ASC/presto/TestData1/subbands/Sband_DM31.50.fft'

Performing in-core forward FFT on data:
   Reading.
   Transforming.
   Writing.
Finished.

Timing summary:
   Real-Valued Data FFT Program v3.0
        by Scott M. Ransom
            3 Oct, 2000

Checking data in 1 input file(s):
   1:  '/home/asc/ylf/ASC/presto/TestData1/subbands/Sband_DM39.50.dat'

Data OK.  There are 531000 floats.

Result will be written to 1 output file(s):
   1:  '/home/asc/ylf/ASC/presto/TestData1/subbands/Sband_DM39.50.fft'

Performing in-core forward FFT on data:
   Reading.
   Transforming.
   Writing.
Finished.

Timing summary:
   Real-Valued Data FFT Program v3.0
        by Scott M. Ransom
            3 Oct, 2000

Checking data in 1 input file(s):
   1:  '/home/asc/ylf/ASC/presto/TestData1/subbands/Sband_DM17.00.dat'

Data OK.  There are 531000 floats.

Result will be written to 1 output file(s):
   1:  '/home/asc/ylf/ASC/presto/TestData1/subbands/Sband_DM17.00.fft'

Performing in-core forward FFT on data:
   Reading.
   Transforming.
   Writing.
Finished.

Timing summary:
   Real-Valued Data FFT Program v3.0
        by Scott M. Ransom
            3 Oct, 2000

Checking data in 1 input file(s):
   1:  '/home/asc/ylf/ASC/presto/TestData1/subbands/Sband_DM13.00.dat'

Data OK.  There are 531000 floats.

Result will be written to 1 output file(s):
   1:  '/home/asc/ylf/ASC/presto/TestData1/subbands/Sband_DM13.00.fft'

Performing in-core forward FFT on data:
   Reading.
   Transforming.
   Writing.
Finished.

Timing summary:
   Real-Valued Data FFT Program v3.0
        by Scott M. Ransom
            3 Oct, 2000

Checking data in 1 input file(s):
   1:  '/home/asc/ylf/ASC/presto/TestData1/subbands/Sband_DM61.00.dat'

Data OK.  There are 531000 floats.

Result will be written to 1 output file(s):
   1:  '/home/asc/ylf/ASC/presto/TestData1/subbands/Sband_DM61.00.fft'

Performing in-core forward FFT on data:
   Reading.
   Transforming.
   Writing.
Finished.

Timing summary:
   Real-Valued Data FFT Program v3.0
        by Scott M. Ransom
            3 Oct, 2000

Checking data in 1 input file(s):
   1:  '/home/asc/ylf/ASC/presto/TestData1/subbands/Sband_DM12.00.dat'

Data OK.  There are 531000 floats.

Result will be written to 1 output file(s):
   1:  '/home/asc/ylf/ASC/presto/TestData1/subbands/Sband_DM12.00.fft'

Performing in-core forward FFT on data:
   Reading.
   Transforming.
   Writing.
Finished.

Timing summary:
   Real-Valued Data FFT Program v3.0
        by Scott M. Ransom
            3 Oct, 2000

Checking data in 1 input file(s):
   1:  '/home/asc/ylf/ASC/presto/TestData1/subbands/Sband_DM76.50.dat'

Data OK.  There are 531000 floats.

Result will be written to 1 output file(s):
   1:  '/home/asc/ylf/ASC/presto/TestData1/subbands/Sband_DM76.50.fft'

Performing in-core forward FFT on data:
   Reading.
   Transforming.
   Writing.
Finished.

Timing summary:
   Real-Valued Data FFT Program v3.0
        by Scott M. Ransom
            3 Oct, 2000

Checking data in 1 input file(s):
   1:  '/home/asc/ylf/ASC/presto/TestData1/subbands/Sband_DM38.50.dat'

Data OK.  There are 531000 floats.

Result will be written to 1 output file(s):
   1:  '/home/asc/ylf/ASC/presto/TestData1/subbands/Sband_DM38.50.fft'

Performing in-core forward FFT on data:
   Reading.
   Transforming.
   Writing.
Finished.

Timing summary:
   Real-Valued Data FFT Program v3.0
        by Scott M. Ransom
            3 Oct, 2000

Checking data in 1 input file(s):
   1:  '/home/asc/ylf/ASC/presto/TestData1/subbands/Sband_DM55.50.dat'

Data OK.  There are 531000 floats.

Result will be written to 1 output file(s):
   1:  '/home/asc/ylf/ASC/presto/TestData1/subbands/Sband_DM55.50.fft'

Performing in-core forward FFT on data:
   Reading.
   Transforming.
   Writing.
Finished.

Timing summary:
   Real-Valued Data FFT Program v3.0
        by Scott M. Ransom
            3 Oct, 2000

Checking data in 1 input file(s):
   1:  '/home/asc/ylf/ASC/presto/TestData1/subbands/Sband_DM17.50.dat'

Data OK.  There are 531000 floats.

Result will be written to 1 output file(s):
   1:  '/home/asc/ylf/ASC/presto/TestData1/subbands/Sband_DM17.50.fft'

Performing in-core forward FFT on data:
   Reading.
   Transforming.
   Writing.
Finished.

Timing summary:
   Real-Valued Data FFT Program v3.0
        by Scott M. Ransom
            3 Oct, 2000

Checking data in 1 input file(s):
   1:  '/home/asc/ylf/ASC/presto/TestData1/subbands/Sband_DM80.50.dat'

Data OK.  There are 531000 floats.

Result will be written to 1 output file(s):
   1:  '/home/asc/ylf/ASC/presto/TestData1/subbands/Sband_DM80.50.fft'

Performing in-core forward FFT on data:
   Reading.
   Transforming.
   Writing.
Finished.

Timing summary:
   Real-Valued Data FFT Program v3.0
        by Scott M. Ransom
            3 Oct, 2000

Checking data in 1 input file(s):
   1:  '/home/asc/ylf/ASC/presto/TestData1/subbands/Sband_DM59.00.dat'

Data OK.  There are 531000 floats.

Result will be written to 1 output file(s):
   1:  '/home/asc/ylf/ASC/presto/TestData1/subbands/Sband_DM59.00.fft'

Performing in-core forward FFT on data:
   Reading.
   Transforming.
   Writing.
Finished.

Timing summary:
   Real-Valued Data FFT Program v3.0
        by Scott M. Ransom
            3 Oct, 2000

Checking data in 1 input file(s):
   1:  '/home/asc/ylf/ASC/presto/TestData1/subbands/Sband_DM22.50.dat'

Data OK.  There are 531000 floats.

Result will be written to 1 output file(s):
   1:  '/home/asc/ylf/ASC/presto/TestData1/subbands/Sband_DM22.50.fft'

Performing in-core forward FFT on data:
   Reading.
   Transforming.
   Writing.
Finished.

Timing summary:
   Real-Valued Data FFT Program v3.0
        by Scott M. Ransom
            3 Oct, 2000

Checking data in 1 input file(s):
   1:  '/home/asc/ylf/ASC/presto/TestData1/subbands/Sband_DM16.50.dat'

Data OK.  There are 531000 floats.

Result will be written to 1 output file(s):
   1:  '/home/asc/ylf/ASC/presto/TestData1/subbands/Sband_DM16.50.fft'

Performing in-core forward FFT on data:
   Reading.
   Transforming.
   Writing.
Finished.

Timing summary:
   Real-Valued Data FFT Program v3.0
        by Scott M. Ransom
            3 Oct, 2000

Checking data in 1 input file(s):
   1:  '/home/asc/ylf/ASC/presto/TestData1/subbands/Sband_DM9.50.dat'

Data OK.  There are 531000 floats.

Result will be written to 1 output file(s):
   1:  '/home/asc/ylf/ASC/presto/TestData1/subbands/Sband_DM9.50.fft'

Performing in-core forward FFT on data:
   Reading.
   Transforming.
   Writing.
Finished.

Timing summary:
   Real-Valued Data FFT Program v3.0
        by Scott M. Ransom
            3 Oct, 2000

Checking data in 1 input file(s):
   1:  '/home/asc/ylf/ASC/presto/TestData1/subbands/Sband_DM67.50.dat'

Data OK.  There are 531000 floats.

Result will be written to 1 output file(s):
   1:  '/home/asc/ylf/ASC/presto/TestData1/subbands/Sband_DM67.50.fft'

Performing in-core forward FFT on data:
   Reading.
   Transforming.
   Writing.
Finished.

Timing summary:
   Real-Valued Data FFT Program v3.0
        by Scott M. Ransom
            3 Oct, 2000

Checking data in 1 input file(s):
   1:  '/home/asc/ylf/ASC/presto/TestData1/subbands/Sband_DM19.00.dat'

Data OK.  There are 531000 floats.

Result will be written to 1 output file(s):
   1:  '/home/asc/ylf/ASC/presto/TestData1/subbands/Sband_DM19.00.fft'

Performing in-core forward FFT on data:
   Reading.
   Transforming.
   Writing.
Finished.

Timing summary:
   Real-Valued Data FFT Program v3.0
        by Scott M. Ransom
            3 Oct, 2000

Checking data in 1 input file(s):
   1:  '/home/asc/ylf/ASC/presto/TestData1/subbands/Sband_DM58.00.dat'

Data OK.  There are 531000 floats.

Result will be written to 1 output file(s):
   1:  '/home/asc/ylf/ASC/presto/TestData1/subbands/Sband_DM58.00.fft'

Performing in-core forward FFT on data:
   Reading.
   Transforming.
   Writing.
Finished.

Timing summary:
   Real-Valued Data FFT Program v3.0
        by Scott M. Ransom
            3 Oct, 2000

Checking data in 1 input file(s):
   1:  '/home/asc/ylf/ASC/presto/TestData1/subbands/Sband_DM20.00.dat'

Data OK.  There are 531000 floats.

Result will be written to 1 output file(s):
   1:  '/home/asc/ylf/ASC/presto/TestData1/subbands/Sband_DM20.00.fft'

Performing in-core forward FFT on data:
   Reading.
   Transforming.
   Writing.
Finished.

Timing summary:
   Real-Valued Data FFT Program v3.0
        by Scott M. Ransom
            3 Oct, 2000

Checking data in 1 input file(s):
   1:  '/home/asc/ylf/ASC/presto/TestData1/subbands/Sband_DM78.50.dat'

Data OK.  There are 531000 floats.

Result will be written to 1 output file(s):
   1:  '/home/asc/ylf/ASC/presto/TestData1/subbands/Sband_DM78.50.fft'

Performing in-core forward FFT on data:
   Reading.
   Transforming.
   Writing.
Finished.

Timing summary:
   Real-Valued Data FFT Program v3.0
        by Scott M. Ransom
            3 Oct, 2000

Checking data in 1 input file(s):
   1:  '/home/asc/ylf/ASC/presto/TestData1/subbands/Sband_DM37.00.dat'

Data OK.  There are 531000 floats.

Result will be written to 1 output file(s):
   1:  '/home/asc/ylf/ASC/presto/TestData1/subbands/Sband_DM37.00.fft'

Performing in-core forward FFT on data:
   Reading.
   Transforming.
   Writing.
Finished.

Timing summary:
   Real-Valued Data FFT Program v3.0
        by Scott M. Ransom
            3 Oct, 2000

Checking data in 1 input file(s):
   1:  '/home/asc/ylf/ASC/presto/TestData1/subbands/Sband_DM31.00.dat'

Data OK.  There are 531000 floats.

Result will be written to 1 output file(s):
   1:  '/home/asc/ylf/ASC/presto/TestData1/subbands/Sband_DM31.00.fft'

Performing in-core forward FFT on data:
   Reading.
   Transforming.
   Writing.
Finished.

Timing summary:
   Real-Valued Data FFT Program v3.0
        by Scott M. Ransom
            3 Oct, 2000

Checking data in 1 input file(s):
   1:  '/home/asc/ylf/ASC/presto/TestData1/subbands/Sband_DM13.50.dat'

Data OK.  There are 531000 floats.

Result will be written to 1 output file(s):
   1:  '/home/asc/ylf/ASC/presto/TestData1/subbands/Sband_DM13.50.fft'

Performing in-core forward FFT on data:
   Reading.
   Transforming.
   Writing.
Finished.

Timing summary:
   Real-Valued Data FFT Program v3.0
        by Scott M. Ransom
            3 Oct, 2000

Checking data in 1 input file(s):
   1:  '/home/asc/ylf/ASC/presto/TestData1/subbands/Sband_DM75.50.dat'

Data OK.  There are 531000 floats.

Result will be written to 1 output file(s):
   1:  '/home/asc/ylf/ASC/presto/TestData1/subbands/Sband_DM75.50.fft'

Performing in-core forward FFT on data:
   Reading.
   Transforming.
   Writing.
Finished.

Timing summary:
   Real-Valued Data FFT Program v3.0
        by Scott M. Ransom
            3 Oct, 2000

Checking data in 1 input file(s):
   1:  '/home/asc/ylf/ASC/presto/TestData1/subbands/Sband_DM38.00.dat'

Data OK.  There are 531000 floats.

Result will be written to 1 output file(s):
   1:  '/home/asc/ylf/ASC/presto/TestData1/subbands/Sband_DM38.00.fft'

Performing in-core forward FFT on data:
   Reading.
   Transforming.
   Writing.
Finished.

Timing summary:
   Real-Valued Data FFT Program v3.0
        by Scott M. Ransom
            3 Oct, 2000

Checking data in 1 input file(s):
   1:  '/home/asc/ylf/ASC/presto/TestData1/subbands/Sband_DM36.00.dat'

Data OK.  There are 531000 floats.

Result will be written to 1 output file(s):
   1:  '/home/asc/ylf/ASC/presto/TestData1/subbands/Sband_DM36.00.fft'

Performing in-core forward FFT on data:
   Reading.
   Transforming.
   Writing.
Finished.

Timing summary:
   Real-Valued Data FFT Program v3.0
        by Scott M. Ransom
            3 Oct, 2000

Checking data in 1 input file(s):
   1:  '/home/asc/ylf/ASC/presto/TestData1/subbands/Sband_DM37.50.dat'

Data OK.  There are 531000 floats.

Result will be written to 1 output file(s):
   1:  '/home/asc/ylf/ASC/presto/TestData1/subbands/Sband_DM37.50.fft'

Performing in-core forward FFT on data:
   Reading.
   Transforming.
   Writing.
Finished.

Timing summary:
   Real-Valued Data FFT Program v3.0
        by Scott M. Ransom
            3 Oct, 2000

Checking data in 1 input file(s):
   1:  '/home/asc/ylf/ASC/presto/TestData1/subbands/Sband_DM20.50.dat'

Data OK.  There are 531000 floats.

Result will be written to 1 output file(s):
   1:  '/home/asc/ylf/ASC/presto/TestData1/subbands/Sband_DM20.50.fft'

Performing in-core forward FFT on data:
   Reading.
   Transforming.
   Writing.
Finished.

Timing summary:
   Real-Valued Data FFT Program v3.0
        by Scott M. Ransom
            3 Oct, 2000

Checking data in 1 input file(s):
   1:  '/home/asc/ylf/ASC/presto/TestData1/subbands/Sband_DM81.50.dat'

Data OK.  There are 531000 floats.

Result will be written to 1 output file(s):
   1:  '/home/asc/ylf/ASC/presto/TestData1/subbands/Sband_DM81.50.fft'

Performing in-core forward FFT on data:
   Reading.
   Transforming.
   Writing.
Finished.

Timing summary:
   Real-Valued Data FFT Program v3.0
        by Scott M. Ransom
            3 Oct, 2000

Checking data in 1 input file(s):
   1:  '/home/asc/ylf/ASC/presto/TestData1/subbands/Sband_DM66.00.dat'

Data OK.  There are 531000 floats.

Result will be written to 1 output file(s):
   1:  '/home/asc/ylf/ASC/presto/TestData1/subbands/Sband_DM66.00.fft'

Performing in-core forward FFT on data:
   Reading.
   Transforming.
   Writing.
Finished.

Timing summary:
   Real-Valued Data FFT Program v3.0
        by Scott M. Ransom
            3 Oct, 2000

Checking data in 1 input file(s):
   1:  '/home/asc/ylf/ASC/presto/TestData1/subbands/Sband_DM51.00.dat'

Data OK.  There are 531000 floats.

Result will be written to 1 output file(s):
   1:  '/home/asc/ylf/ASC/presto/TestData1/subbands/Sband_DM51.00.fft'

Performing in-core forward FFT on data:
   Reading.
   Transforming.
   Writing.
Finished.

Timing summary:
   Real-Valued Data FFT Program v3.0
        by Scott M. Ransom
            3 Oct, 2000

Checking data in 1 input file(s):
   1:  '/home/asc/ylf/ASC/presto/TestData1/subbands/Sband_DM19.50.dat'

Data OK.  There are 531000 floats.

Result will be written to 1 output file(s):
   1:  '/home/asc/ylf/ASC/presto/TestData1/subbands/Sband_DM19.50.fft'

Performing in-core forward FFT on data:
   Reading.
   Transforming.
   Writing.
Finished.

Timing summary:
   Real-Valued Data FFT Program v3.0
        by Scott M. Ransom
            3 Oct, 2000

Checking data in 1 input file(s):
   1:  '/home/asc/ylf/ASC/presto/TestData1/subbands/Sband_DM72.50.dat'

Data OK.  There are 531000 floats.

Result will be written to 1 output file(s):
   1:  '/home/asc/ylf/ASC/presto/TestData1/subbands/Sband_DM72.50.fft'

Performing in-core forward FFT on data:
   Reading.
   Transforming.
   Writing.
Finished.

Timing summary:
   Real-Valued Data FFT Program v3.0
        by Scott M. Ransom
            3 Oct, 2000

Checking data in 1 input file(s):
   1:  '/home/asc/ylf/ASC/presto/TestData1/subbands/Sband_DM11.50.dat'

Data OK.  There are 531000 floats.

Result will be written to 1 output file(s):
   1:  '/home/asc/ylf/ASC/presto/TestData1/subbands/Sband_DM11.50.fft'

Performing in-core forward FFT on data:
   Reading.
   Transforming.
   Writing.
Finished.

Timing summary:
   Real-Valued Data FFT Program v3.0
        by Scott M. Ransom
            3 Oct, 2000

Checking data in 1 input file(s):
   1:  '/home/asc/ylf/ASC/presto/TestData1/subbands/Sband_DM7.50.dat'

Data OK.  There are 531000 floats.

Result will be written to 1 output file(s):
   1:  '/home/asc/ylf/ASC/presto/TestData1/subbands/Sband_DM7.50.fft'

Performing in-core forward FFT on data:
   Reading.
   Transforming.
   Writing.
Finished.

Timing summary:
   Real-Valued Data FFT Program v3.0
        by Scott M. Ransom
            3 Oct, 2000

Checking data in 1 input file(s):
   1:  '/home/asc/ylf/ASC/presto/TestData1/subbands/Sband_DM36.50.dat'

Data OK.  There are 531000 floats.

Result will be written to 1 output file(s):
   1:  '/home/asc/ylf/ASC/presto/TestData1/subbands/Sband_DM36.50.fft'

Performing in-core forward FFT on data:
   Reading.
   Transforming.
   Writing.
Finished.

Timing summary:
   Real-Valued Data FFT Program v3.0
        by Scott M. Ransom
            3 Oct, 2000

Checking data in 1 input file(s):
   1:  '/home/asc/ylf/ASC/presto/TestData1/subbands/Sband_DM68.50.dat'

Data OK.  There are 531000 floats.

Result will be written to 1 output file(s):
   1:  '/home/asc/ylf/ASC/presto/TestData1/subbands/Sband_DM68.50.fft'

Performing in-core forward FFT on data:
   Reading.
   Transforming.
   Writing.
Finished.

Timing summary:
   Real-Valued Data FFT Program v3.0
        by Scott M. Ransom
            3 Oct, 2000

Checking data in 1 input file(s):
   1:  '/home/asc/ylf/ASC/presto/TestData1/subbands/Sband_DM0.50.dat'

Data OK.  There are 531000 floats.

Result will be written to 1 output file(s):
   1:  '/home/asc/ylf/ASC/presto/TestData1/subbands/Sband_DM0.50.fft'

Performing in-core forward FFT on data:
   Reading.
   Transforming.
   Writing.
Finished.

Timing summary:
   Real-Valued Data FFT Program v3.0
        by Scott M. Ransom
            3 Oct, 2000

Checking data in 1 input file(s):
   1:  '/home/asc/ylf/ASC/presto/TestData1/subbands/Sband_DM46.50.dat'

Data OK.  There are 531000 floats.

Result will be written to 1 output file(s):
   1:  '/home/asc/ylf/ASC/presto/TestData1/subbands/Sband_DM46.50.fft'

Performing in-core forward FFT on data:
   Reading.
   Transforming.
   Writing.
Finished.

Timing summary: